Fitting model for P101_DataAnalysis.Rmd...
The corresponding *.out file is 2979355.out
Setting the current working directory...

Loading the libraries...
── Attaching packages ─────────────────────────────────────── tidyverse 1.2.1 ──
✔ ggplot2 2.2.1     ✔ purrr   0.2.5
✔ tibble  1.4.2     ✔ dplyr   0.7.8
✔ tidyr   0.8.0     ✔ stringr 1.3.1
✔ readr   1.1.1     ✔ forcats 0.3.0
── Conflicts ────────────────────────────────────────── tidyverse_conflicts() ──
✖ dplyr::filter() masks stats::filter()
✖ dplyr::lag()    masks stats::lag()
Loading required package: Matrix

Attaching package: ‘Matrix’

The following object is masked from ‘package:tidyr’:

    expand


Attaching package: ‘lmerTest’

The following object is masked from ‘package:lme4’:

    lmer

The following object is masked from ‘package:stats’:

    step


Loading the data file...

################################################################################
Fitting the lmm.etd.rt model...
start par. =  1 1 0 0 0 1 0 0 1 0 1 fn =  24739.88 
At return
eval: 469 fn:      22804.943 par: 0.0597077 0.402147 -0.133664 0.0206750 0.0244630 0.297851 0.0159790 -0.0272894 0.0641309 -0.0556971 3.62771e-07
singular fit
[1] "Saving the lmm.etd.rt ..."
R version 3.5.1 (2018-07-02)
Platform: x86_64-pc-linux-gnu (64-bit)
Running under: CentOS Linux 7 (Core)

Matrix products: default
BLAS/LAPACK: /scale_wlg_persistent/filesets/opt_nesi/CS400_centos7_bdw/imkl/2017.6.256-gimpi-2017a/linux/mkl/lib/intel64_lin/libmkl_gf_lp64.so

locale:
 [1] LC_CTYPE=en_US.UTF-8       LC_NUMERIC=C              
 [3] LC_TIME=en_US.UTF-8        LC_COLLATE=en_US.UTF-8    
 [5] LC_MONETARY=en_US.UTF-8    LC_MESSAGES=en_US.UTF-8   
 [7] LC_PAPER=en_US.UTF-8       LC_NAME=C                 
 [9] LC_ADDRESS=C               LC_TELEPHONE=C            
[11] LC_MEASUREMENT=en_US.UTF-8 LC_IDENTIFICATION=C       

attached base packages:
[1] stats     graphics  grDevices utils     datasets  methods   base     

other attached packages:
 [1] bindrcpp_0.2.2  lmerTest_3.0-1  lme4_1.1-20     Matrix_1.2-14  
 [5] forcats_0.3.0   stringr_1.3.1   dplyr_0.7.8     purrr_0.2.5    
 [9] readr_1.1.1     tidyr_0.8.0     tibble_1.4.2    ggplot2_2.2.1  
[13] tidyverse_1.2.1

loaded via a namespace (and not attached):
 [1] Rcpp_1.0.0        nloptr_1.0.4      cellranger_1.1.0  pillar_1.2.2     
 [5] compiler_3.5.1    plyr_1.8.4        bindr_0.1.1       tools_3.5.1      
 [9] jsonlite_1.5      lubridate_1.7.4   gtable_0.2.0      nlme_3.1-137     
[13] lattice_0.20-35   pkgconfig_2.0.1   rlang_0.3.1       cli_1.0.0        
[17] rstudioapi_0.7    haven_1.1.1       xml2_1.2.0        httr_1.3.1       
[21] generics_0.0.2    hms_0.4.2         grid_3.5.1        tidyselect_0.2.4 
[25] glue_1.2.0        R6_2.2.2          readxl_1.1.0      minqa_1.2.4      
[29] modelr_0.1.2      magrittr_1.5      MASS_7.3-50       splines_3.5.1    
[33] backports_1.1.2   scales_0.5.0      rvest_0.3.2       assertthat_0.2.0 
[37] colorspace_1.3-2  numDeriv_2016.8-1 stringi_1.2.2     lazyeval_0.2.1   
[41] munsell_0.4.3     broom_0.5.1       crayon_1.3.4     
